c:\users\rudolf\documents\x-plane sdk\sdkexamples\projects\win\debug\drawinghookwin.obj
c:\users\rudolf\documents\x-plane sdk\sdkexamples\projects\win\debug\drawinghook.obj
c:\users\rudolf\documents\x-plane sdk\sdkexamples\projects\win\debug\drawinghook.lib
c:\users\rudolf\documents\x-plane sdk\sdkexamples\projects\win\debug\drawinghook.exp
c:\users\rudolf\documents\x-plane sdk\sdkexamples\projects\win\debug\plugins\drawinghook.xpl
c:\users\rudolf\documents\x-plane sdk\sdkexamples\projects\win\debug\plugins\drawinghook.ilk
c:\users\rudolf\documents\x-plane sdk\sdkexamples\projects\win\debug\drawinghook.pdb
c:\users\rudolf\documents\x-plane sdk\sdkexamples\projects\win\debug\flightjobsx.obj
c:\users\rudolf\documents\x-plane sdk\sdkexamples\projects\win\debug\flightjobsxwin.obj
c:\users\rudolf\documents\x-plane sdk\sdkexamples\projects\win\debug\helloworld.obj
c:\users\rudolf\documents\x-plane sdk\sdkexamples\projects\win\debug\helloworldwin.obj
c:\users\rudolf\documents\x-plane sdk\sdkexamples\projects\win\debug\hotkey.obj
c:\users\rudolf\documents\x-plane sdk\sdkexamples\projects\win\debug\hotkeywin.obj
c:\users\rudolf\documents\x-plane sdk\sdkexamples\projects\win\debug\keysniffer.obj
c:\users\rudolf\documents\x-plane sdk\sdkexamples\projects\win\debug\keysnifferwin.obj
c:\users\rudolf\documents\x-plane sdk\sdkexamples\projects\win\debug\manageplugins.obj
c:\users\rudolf\documents\x-plane sdk\sdkexamples\projects\win\debug\managepluginswin.obj
c:\users\rudolf\documents\x-plane sdk\sdkexamples\projects\win\debug\navigation.obj
c:\users\rudolf\documents\x-plane sdk\sdkexamples\projects\win\debug\navigationwin.obj
c:\users\rudolf\documents\x-plane sdk\sdkexamples\projects\win\debug\planes.obj
c:\users\rudolf\documents\x-plane sdk\sdkexamples\projects\win\debug\planeswin.obj
c:\users\rudolf\documents\x-plane sdk\sdkexamples\projects\win\debug\sharedata.obj
c:\users\rudolf\documents\x-plane sdk\sdkexamples\projects\win\debug\sharedatawin.obj
c:\users\rudolf\documents\x-plane sdk\sdkexamples\projects\win\debug\simdata.obj
c:\users\rudolf\documents\x-plane sdk\sdkexamples\projects\win\debug\simdatawin.obj
c:\users\rudolf\documents\x-plane sdk\sdkexamples\projects\win\debug\timedprocessing.obj
c:\users\rudolf\documents\x-plane sdk\sdkexamples\projects\win\debug\timedprocessingwin.obj
c:\users\rudolf\documents\x-plane sdk\sdkexamples\projects\win\debug\drawaircraft.exp
c:\users\rudolf\documents\x-plane sdk\sdkexamples\projects\win\debug\flightjobsx.exp
c:\users\rudolf\documents\x-plane sdk\sdkexamples\projects\win\debug\helloworld.exp
c:\users\rudolf\documents\x-plane sdk\sdkexamples\projects\win\debug\hotkey.exp
c:\users\rudolf\documents\x-plane sdk\sdkexamples\projects\win\debug\keysniffer.exp
c:\users\rudolf\documents\x-plane sdk\sdkexamples\projects\win\debug\manageplugins.exp
c:\users\rudolf\documents\x-plane sdk\sdkexamples\projects\win\debug\navigation.exp
c:\users\rudolf\documents\x-plane sdk\sdkexamples\projects\win\debug\planes.exp
c:\users\rudolf\documents\x-plane sdk\sdkexamples\projects\win\debug\sharedata.exp
c:\users\rudolf\documents\x-plane sdk\sdkexamples\projects\win\debug\simdata.exp
c:\users\rudolf\documents\x-plane sdk\sdkexamples\projects\win\debug\timedprocessing.exp
c:\users\rudolf\documents\x-plane sdk\sdkexamples\projects\win\debug\flightjobsx.pdb
c:\users\rudolf\documents\x-plane sdk\sdkexamples\projects\win\debug\drawinghook.tlog\cl.command.1.tlog
c:\users\rudolf\documents\x-plane sdk\sdkexamples\projects\win\debug\drawinghook.tlog\cl.read.1.tlog
c:\users\rudolf\documents\x-plane sdk\sdkexamples\projects\win\debug\drawinghook.tlog\cl.write.1.tlog
c:\users\rudolf\documents\x-plane sdk\sdkexamples\projects\win\debug\drawinghook.tlog\drawinghook.write.1u.tlog
c:\users\rudolf\documents\x-plane sdk\sdkexamples\projects\win\debug\drawinghook.tlog\link.command.1.tlog
c:\users\rudolf\documents\x-plane sdk\sdkexamples\projects\win\debug\drawinghook.tlog\link.read.1.tlog
c:\users\rudolf\documents\x-plane sdk\sdkexamples\projects\win\debug\drawinghook.tlog\link.write.1.tlog
