c:\users\rudolf\documents\x-plane sdk\sdkexamples\projects\win\debug\keysnifferwin.obj
c:\users\rudolf\documents\x-plane sdk\sdkexamples\projects\win\debug\keysniffer.obj
c:\users\rudolf\documents\x-plane sdk\sdkexamples\projects\win\debug\keysniffer.lib
c:\users\rudolf\documents\x-plane sdk\sdkexamples\projects\win\debug\keysniffer.exp
c:\users\rudolf\documents\x-plane sdk\sdkexamples\projects\win\debug\plugins\keysniffer.xpl
c:\users\rudolf\documents\x-plane sdk\sdkexamples\projects\win\debug\plugins\keysniffer.ilk
c:\users\rudolf\documents\x-plane sdk\sdkexamples\projects\win\debug\keysniffer.pdb
c:\users\rudolf\documents\x-plane sdk\sdkexamples\projects\win\debug\camera.obj
c:\users\rudolf\documents\x-plane sdk\sdkexamples\projects\win\debug\camerawin.obj
c:\users\rudolf\documents\x-plane sdk\sdkexamples\projects\win\debug\commandsim.obj
c:\users\rudolf\documents\x-plane sdk\sdkexamples\projects\win\debug\commandsimwin.obj
c:\users\rudolf\documents\x-plane sdk\sdkexamples\projects\win\debug\drawinghook.obj
c:\users\rudolf\documents\x-plane sdk\sdkexamples\projects\win\debug\drawinghookwin.obj
c:\users\rudolf\documents\x-plane sdk\sdkexamples\projects\win\debug\helloworld.obj
c:\users\rudolf\documents\x-plane sdk\sdkexamples\projects\win\debug\helloworldwin.obj
c:\users\rudolf\documents\x-plane sdk\sdkexamples\projects\win\debug\camera.exp
c:\users\rudolf\documents\x-plane sdk\sdkexamples\projects\win\debug\commandsim.exp
c:\users\rudolf\documents\x-plane sdk\sdkexamples\projects\win\debug\drawinghook.exp
c:\users\rudolf\documents\x-plane sdk\sdkexamples\projects\win\debug\helloworld.exp
c:\users\rudolf\documents\x-plane sdk\sdkexamples\projects\win\debug\camera.pdb
c:\users\rudolf\documents\x-plane sdk\sdkexamples\projects\win\debug\commandsim.pdb
c:\users\rudolf\documents\x-plane sdk\sdkexamples\projects\win\debug\drawinghook.pdb
c:\users\rudolf\documents\x-plane sdk\sdkexamples\projects\win\debug\helloworld.pdb
c:\users\rudolf\documents\x-plane sdk\sdkexamples\projects\win\debug\keysniffer.tlog\cl.command.1.tlog
c:\users\rudolf\documents\x-plane sdk\sdkexamples\projects\win\debug\keysniffer.tlog\cl.read.1.tlog
c:\users\rudolf\documents\x-plane sdk\sdkexamples\projects\win\debug\keysniffer.tlog\cl.write.1.tlog
c:\users\rudolf\documents\x-plane sdk\sdkexamples\projects\win\debug\keysniffer.tlog\keysniffer.write.1u.tlog
c:\users\rudolf\documents\x-plane sdk\sdkexamples\projects\win\debug\keysniffer.tlog\link.command.1.tlog
c:\users\rudolf\documents\x-plane sdk\sdkexamples\projects\win\debug\keysniffer.tlog\link.read.1.tlog
c:\users\rudolf\documents\x-plane sdk\sdkexamples\projects\win\debug\keysniffer.tlog\link.write.1.tlog
