c:\users\rudolf\documents\x-plane sdk\sdkexamples\projects\win\debug\planeswin.obj
c:\users\rudolf\documents\x-plane sdk\sdkexamples\projects\win\debug\planes.obj
c:\users\rudolf\documents\x-plane sdk\sdkexamples\projects\win\debug\plugins\planes.xpl
c:\users\rudolf\documents\x-plane sdk\sdkexamples\projects\win\debug\plugins\planes.ilk
c:\users\rudolf\documents\x-plane sdk\sdkexamples\projects\win\debug\planes.pdb
c:\users\rudolf\documents\x-plane sdk\sdkexamples\projects\win\debug\planes.lib
c:\users\rudolf\documents\x-plane sdk\sdkexamples\projects\win\debug\planes.exp
c:\users\rudolf\documents\x-plane sdk\sdkexamples\projects\win\debug\hotkey.obj
c:\users\rudolf\documents\x-plane sdk\sdkexamples\projects\win\debug\hotkeywin.obj
c:\users\rudolf\documents\x-plane sdk\sdkexamples\projects\win\debug\keysniffer.obj
c:\users\rudolf\documents\x-plane sdk\sdkexamples\projects\win\debug\keysnifferwin.obj
c:\users\rudolf\documents\x-plane sdk\sdkexamples\projects\win\debug\manageplugins.obj
c:\users\rudolf\documents\x-plane sdk\sdkexamples\projects\win\debug\managepluginswin.obj
c:\users\rudolf\documents\x-plane sdk\sdkexamples\projects\win\debug\navigation.obj
c:\users\rudolf\documents\x-plane sdk\sdkexamples\projects\win\debug\navigationwin.obj
c:\users\rudolf\documents\x-plane sdk\sdkexamples\projects\win\debug\hotkey.exp
c:\users\rudolf\documents\x-plane sdk\sdkexamples\projects\win\debug\keysniffer.exp
c:\users\rudolf\documents\x-plane sdk\sdkexamples\projects\win\debug\manageplugins.exp
c:\users\rudolf\documents\x-plane sdk\sdkexamples\projects\win\debug\navigation.exp
c:\users\rudolf\documents\x-plane sdk\sdkexamples\projects\win\debug\hotkey.pdb
c:\users\rudolf\documents\x-plane sdk\sdkexamples\projects\win\debug\keysniffer.pdb
c:\users\rudolf\documents\x-plane sdk\sdkexamples\projects\win\debug\manageplugins.pdb
c:\users\rudolf\documents\x-plane sdk\sdkexamples\projects\win\debug\navigation.pdb
c:\users\rudolf\documents\x-plane sdk\sdkexamples\projects\win\debug\planes.tlog\cl.command.1.tlog
c:\users\rudolf\documents\x-plane sdk\sdkexamples\projects\win\debug\planes.tlog\cl.read.1.tlog
c:\users\rudolf\documents\x-plane sdk\sdkexamples\projects\win\debug\planes.tlog\cl.write.1.tlog
c:\users\rudolf\documents\x-plane sdk\sdkexamples\projects\win\debug\planes.tlog\link.command.1.tlog
c:\users\rudolf\documents\x-plane sdk\sdkexamples\projects\win\debug\planes.tlog\link.read.1.tlog
c:\users\rudolf\documents\x-plane sdk\sdkexamples\projects\win\debug\planes.tlog\link.write.1.tlog
c:\users\rudolf\documents\x-plane sdk\sdkexamples\projects\win\debug\planes.tlog\planes.write.1u.tlog
