c:\users\rudolf\documents\x-plane sdk\sdkexamples\projects\win\debug\sharedatawin.obj
c:\users\rudolf\documents\x-plane sdk\sdkexamples\projects\win\debug\sharedata.obj
c:\users\rudolf\documents\x-plane sdk\sdkexamples\projects\win\debug\plugins\sharedata.xpl
c:\users\rudolf\documents\x-plane sdk\sdkexamples\projects\win\debug\plugins\sharedata.ilk
c:\users\rudolf\documents\x-plane sdk\sdkexamples\projects\win\debug\sharedata.pdb
c:\users\rudolf\documents\x-plane sdk\sdkexamples\projects\win\debug\sharedata.lib
c:\users\rudolf\documents\x-plane sdk\sdkexamples\projects\win\debug\sharedata.exp
c:\users\rudolf\documents\x-plane sdk\sdkexamples\projects\win\debug\hotkey.obj
c:\users\rudolf\documents\x-plane sdk\sdkexamples\projects\win\debug\hotkeywin.obj
c:\users\rudolf\documents\x-plane sdk\sdkexamples\projects\win\debug\keysniffer.obj
c:\users\rudolf\documents\x-plane sdk\sdkexamples\projects\win\debug\keysnifferwin.obj
c:\users\rudolf\documents\x-plane sdk\sdkexamples\projects\win\debug\manageplugins.obj
c:\users\rudolf\documents\x-plane sdk\sdkexamples\projects\win\debug\managepluginswin.obj
c:\users\rudolf\documents\x-plane sdk\sdkexamples\projects\win\debug\navigation.obj
c:\users\rudolf\documents\x-plane sdk\sdkexamples\projects\win\debug\navigationwin.obj
c:\users\rudolf\documents\x-plane sdk\sdkexamples\projects\win\debug\hotkey.exp
c:\users\rudolf\documents\x-plane sdk\sdkexamples\projects\win\debug\keysniffer.exp
c:\users\rudolf\documents\x-plane sdk\sdkexamples\projects\win\debug\manageplugins.exp
c:\users\rudolf\documents\x-plane sdk\sdkexamples\projects\win\debug\navigation.exp
c:\users\rudolf\documents\x-plane sdk\sdkexamples\projects\win\debug\hotkey.pdb
c:\users\rudolf\documents\x-plane sdk\sdkexamples\projects\win\debug\keysniffer.pdb
c:\users\rudolf\documents\x-plane sdk\sdkexamples\projects\win\debug\manageplugins.pdb
c:\users\rudolf\documents\x-plane sdk\sdkexamples\projects\win\debug\navigation.pdb
c:\users\rudolf\documents\x-plane sdk\sdkexamples\projects\win\debug\sharedata.tlog\cl.command.1.tlog
c:\users\rudolf\documents\x-plane sdk\sdkexamples\projects\win\debug\sharedata.tlog\cl.read.1.tlog
c:\users\rudolf\documents\x-plane sdk\sdkexamples\projects\win\debug\sharedata.tlog\cl.write.1.tlog
c:\users\rudolf\documents\x-plane sdk\sdkexamples\projects\win\debug\sharedata.tlog\link.command.1.tlog
c:\users\rudolf\documents\x-plane sdk\sdkexamples\projects\win\debug\sharedata.tlog\link.read.1.tlog
c:\users\rudolf\documents\x-plane sdk\sdkexamples\projects\win\debug\sharedata.tlog\link.write.1.tlog
c:\users\rudolf\documents\x-plane sdk\sdkexamples\projects\win\debug\sharedata.tlog\sharedata.write.1u.tlog
