c:\users\rudolf\documents\x-plane sdk\sdkexamples\projects\win\debug\simdatawin.obj
c:\users\rudolf\documents\x-plane sdk\sdkexamples\projects\win\debug\simdata.obj
c:\users\rudolf\documents\x-plane sdk\sdkexamples\projects\win\debug\plugins\simdata.xpl
c:\users\rudolf\documents\x-plane sdk\sdkexamples\projects\win\debug\plugins\simdata.ilk
c:\users\rudolf\documents\x-plane sdk\sdkexamples\projects\win\debug\simdata.pdb
c:\users\rudolf\documents\x-plane sdk\sdkexamples\projects\win\debug\simdata.lib
c:\users\rudolf\documents\x-plane sdk\sdkexamples\projects\win\debug\simdata.exp
c:\users\rudolf\documents\x-plane sdk\sdkexamples\projects\win\debug\hotkey.obj
c:\users\rudolf\documents\x-plane sdk\sdkexamples\projects\win\debug\hotkeywin.obj
c:\users\rudolf\documents\x-plane sdk\sdkexamples\projects\win\debug\keysniffer.obj
c:\users\rudolf\documents\x-plane sdk\sdkexamples\projects\win\debug\keysnifferwin.obj
c:\users\rudolf\documents\x-plane sdk\sdkexamples\projects\win\debug\manageplugins.obj
c:\users\rudolf\documents\x-plane sdk\sdkexamples\projects\win\debug\managepluginswin.obj
c:\users\rudolf\documents\x-plane sdk\sdkexamples\projects\win\debug\navigation.obj
c:\users\rudolf\documents\x-plane sdk\sdkexamples\projects\win\debug\navigationwin.obj
c:\users\rudolf\documents\x-plane sdk\sdkexamples\projects\win\debug\hotkey.exp
c:\users\rudolf\documents\x-plane sdk\sdkexamples\projects\win\debug\keysniffer.exp
c:\users\rudolf\documents\x-plane sdk\sdkexamples\projects\win\debug\manageplugins.exp
c:\users\rudolf\documents\x-plane sdk\sdkexamples\projects\win\debug\navigation.exp
c:\users\rudolf\documents\x-plane sdk\sdkexamples\projects\win\debug\hotkey.pdb
c:\users\rudolf\documents\x-plane sdk\sdkexamples\projects\win\debug\keysniffer.pdb
c:\users\rudolf\documents\x-plane sdk\sdkexamples\projects\win\debug\manageplugins.pdb
c:\users\rudolf\documents\x-plane sdk\sdkexamples\projects\win\debug\navigation.pdb
c:\users\rudolf\documents\x-plane sdk\sdkexamples\projects\win\debug\simdata.tlog\cl.command.1.tlog
c:\users\rudolf\documents\x-plane sdk\sdkexamples\projects\win\debug\simdata.tlog\cl.read.1.tlog
c:\users\rudolf\documents\x-plane sdk\sdkexamples\projects\win\debug\simdata.tlog\cl.write.1.tlog
c:\users\rudolf\documents\x-plane sdk\sdkexamples\projects\win\debug\simdata.tlog\link.command.1.tlog
c:\users\rudolf\documents\x-plane sdk\sdkexamples\projects\win\debug\simdata.tlog\link.read.1.tlog
c:\users\rudolf\documents\x-plane sdk\sdkexamples\projects\win\debug\simdata.tlog\link.write.1.tlog
c:\users\rudolf\documents\x-plane sdk\sdkexamples\projects\win\debug\simdata.tlog\simdata.write.1u.tlog
