C:\Program Files (x86)\Microsoft Visual Studio\2017\Professional\Common7\IDE\VC\VCTargets\Microsoft.CppBuild.targets(387,5): warning MSB8028: The intermediate directory (x64\Debug\) contains files shared from another project (Camera.vcxproj, CommandSim.vcxproj, DrawingHook.vcxproj, HelloWorld.vcxproj, HotKey.vcxproj, KeySniffer.vcxproj, ManagePlugins.vcxproj).  This can lead to incorrect clean and rebuild behavior.
  Navigation.c
..\..\SampleCode\Navigation.c(95): warning C4311: 'conversão de tipo': truncamento de ponteiro de 'void *' para 'int'
  NavigationWin.cpp
C:\Program Files (x86)\Microsoft Visual Studio\2017\Professional\Common7\IDE\VC\VCTargets\Microsoft.CppBuild.targets(1198,5): warning MSB8012: TargetPath(C:\Users\rudolf\Documents\X-Plane SDK\SDKExamples\Projects\Win\x64\Debug\Navigation.dll) does not match the Linker's OutputFile property value (C:\Users\rudolf\Documents\X-Plane SDK\SDKExamples\Projects\Win\Debug\Plugins\Navigation.xpl). This may cause your project to build incorrectly. To correct this, please make sure that $(OutDir), $(TargetName) and $(TargetExt) property values match the value specified in %(Link.OutputFile).
C:\Program Files (x86)\Microsoft Visual Studio\2017\Professional\Common7\IDE\VC\VCTargets\Microsoft.CppBuild.targets(1199,5): warning MSB8012: TargetExt(.dll) does not match the Linker's OutputFile property value (.xpl). This may cause your project to build incorrectly. To correct this, please make sure that $(OutDir), $(TargetName) and $(TargetExt) property values match the value specified in %(Link.OutputFile).
     Criando biblioteca .\Debug\Navigation.lib e objeto .\Debug\Navigation.exp
Navigation.obj : error LNK2019: símbolo externo indefinido __imp_XPLMSpeakString referenciado na função MyMenuHandlerCallback
Navigation.obj : error LNK2019: símbolo externo indefinido __imp_XPLMDebugString referenciado na função MyMenuHandlerCallback
Navigation.obj : error LNK2019: símbolo externo indefinido __imp_XPLMFindPluginsMenu referenciado na função XPluginStart
Navigation.obj : error LNK2019: símbolo externo indefinido __imp_XPLMCreateMenu referenciado na função XPluginStart
Navigation.obj : error LNK2019: símbolo externo indefinido __imp_XPLMAppendMenuItem referenciado na função XPluginStart
Navigation.obj : error LNK2019: símbolo externo indefinido __imp_XPLMFindNavAid referenciado na função MyMenuHandlerCallback
Navigation.obj : error LNK2019: símbolo externo indefinido __imp_XPLMGetNavAidInfo referenciado na função MyMenuHandlerCallback
Navigation.obj : error LNK2019: símbolo externo indefinido __imp_XPLMSetFMSEntryInfo referenciado na função MyMenuHandlerCallback
Navigation.obj : error LNK2019: símbolo externo indefinido __imp_XPLMClearFMSEntry referenciado na função MyMenuHandlerCallback
Navigation.obj : error LNK2019: símbolo externo indefinido __imp_XPLMFindDataRef referenciado na função MyMenuHandlerCallback
Navigation.obj : error LNK2019: símbolo externo indefinido __imp_XPLMGetDataf referenciado na função MyMenuHandlerCallback
..\..\..\SDK\Libraries\Win\XPLM.lib : warning LNK4272: o tipo de máquina da biblioteca 'x86' está em conflito com o tipo de máquina de destino 'x64'
..\..\..\SDK\Libraries\Win\XPWidgets.lib : warning LNK4272: o tipo de máquina da biblioteca 'x86' está em conflito com o tipo de máquina de destino 'x64'
Debug/Plugins/Navigation.xpl : fatal error LNK1120: 11 externo não resolvidos
