c:\users\rudolf\documents\x-plane sdk\sdkexamples\projects\win\debug\drawaircraftwin.obj
c:\users\rudolf\documents\x-plane sdk\sdkexamples\projects\win\debug\aircraftutils.obj
c:\users\rudolf\documents\x-plane sdk\sdkexamples\projects\win\debug\drawaircraft.obj
c:\users\rudolf\documents\x-plane sdk\sdkexamples\projects\win\debug\drawaircraft.lib
c:\users\rudolf\documents\x-plane sdk\sdkexamples\projects\win\debug\drawaircraft.exp
c:\users\rudolf\documents\x-plane sdk\sdkexamples\projects\win\debug\plugins\drawaircraft.xpl
c:\users\rudolf\documents\x-plane sdk\sdkexamples\projects\win\debug\plugins\drawaircraft.ilk
c:\users\rudolf\documents\x-plane sdk\sdkexamples\projects\win\debug\drawaircraft.pdb
c:\users\rudolf\documents\x-plane sdk\sdkexamples\projects\win\debug\planes.obj
c:\users\rudolf\documents\x-plane sdk\sdkexamples\projects\win\debug\planeswin.obj
c:\users\rudolf\documents\x-plane sdk\sdkexamples\projects\win\debug\sharedata.obj
c:\users\rudolf\documents\x-plane sdk\sdkexamples\projects\win\debug\sharedatawin.obj
c:\users\rudolf\documents\x-plane sdk\sdkexamples\projects\win\debug\simdata.obj
c:\users\rudolf\documents\x-plane sdk\sdkexamples\projects\win\debug\simdatawin.obj
c:\users\rudolf\documents\x-plane sdk\sdkexamples\projects\win\debug\timedprocessing.obj
c:\users\rudolf\documents\x-plane sdk\sdkexamples\projects\win\debug\timedprocessingwin.obj
c:\users\rudolf\documents\x-plane sdk\sdkexamples\projects\win\debug\planes.exp
c:\users\rudolf\documents\x-plane sdk\sdkexamples\projects\win\debug\sharedata.exp
c:\users\rudolf\documents\x-plane sdk\sdkexamples\projects\win\debug\simdata.exp
c:\users\rudolf\documents\x-plane sdk\sdkexamples\projects\win\debug\timedprocessing.exp
c:\users\rudolf\documents\x-plane sdk\sdkexamples\projects\win\debug\planes.pdb
c:\users\rudolf\documents\x-plane sdk\sdkexamples\projects\win\debug\sharedata.pdb
c:\users\rudolf\documents\x-plane sdk\sdkexamples\projects\win\debug\simdata.pdb
c:\users\rudolf\documents\x-plane sdk\sdkexamples\projects\win\debug\timedprocessing.pdb
c:\users\rudolf\documents\x-plane sdk\sdkexamples\projects\win\debug\drawaircraft.tlog\cl.command.1.tlog
c:\users\rudolf\documents\x-plane sdk\sdkexamples\projects\win\debug\drawaircraft.tlog\cl.read.1.tlog
c:\users\rudolf\documents\x-plane sdk\sdkexamples\projects\win\debug\drawaircraft.tlog\cl.write.1.tlog
c:\users\rudolf\documents\x-plane sdk\sdkexamples\projects\win\debug\drawaircraft.tlog\drawaircraft.write.1u.tlog
c:\users\rudolf\documents\x-plane sdk\sdkexamples\projects\win\debug\drawaircraft.tlog\link.command.1.tlog
c:\users\rudolf\documents\x-plane sdk\sdkexamples\projects\win\debug\drawaircraft.tlog\link.read.1.tlog
c:\users\rudolf\documents\x-plane sdk\sdkexamples\projects\win\debug\drawaircraft.tlog\link.write.1.tlog
