c:\users\rudolf\documents\x-plane sdk\sdkexamples\projects\win\debug\hotkeywin.obj
c:\users\rudolf\documents\x-plane sdk\sdkexamples\projects\win\debug\hotkey.obj
c:\users\rudolf\documents\x-plane sdk\sdkexamples\projects\win\debug\hotkey.lib
c:\users\rudolf\documents\x-plane sdk\sdkexamples\projects\win\debug\hotkey.exp
c:\users\rudolf\documents\x-plane sdk\sdkexamples\projects\win\debug\plugins\hotkey.xpl
c:\users\rudolf\documents\x-plane sdk\sdkexamples\projects\win\debug\plugins\hotkey.ilk
c:\users\rudolf\documents\x-plane sdk\sdkexamples\projects\win\debug\hotkey.pdb
c:\users\rudolf\documents\x-plane sdk\sdkexamples\projects\win\debug\camera.obj
c:\users\rudolf\documents\x-plane sdk\sdkexamples\projects\win\debug\camerawin.obj
c:\users\rudolf\documents\x-plane sdk\sdkexamples\projects\win\debug\commandsim.obj
c:\users\rudolf\documents\x-plane sdk\sdkexamples\projects\win\debug\commandsimwin.obj
c:\users\rudolf\documents\x-plane sdk\sdkexamples\projects\win\debug\drawinghook.obj
c:\users\rudolf\documents\x-plane sdk\sdkexamples\projects\win\debug\drawinghookwin.obj
c:\users\rudolf\documents\x-plane sdk\sdkexamples\projects\win\debug\helloworld.obj
c:\users\rudolf\documents\x-plane sdk\sdkexamples\projects\win\debug\helloworldwin.obj
c:\users\rudolf\documents\x-plane sdk\sdkexamples\projects\win\debug\camera.exp
c:\users\rudolf\documents\x-plane sdk\sdkexamples\projects\win\debug\commandsim.exp
c:\users\rudolf\documents\x-plane sdk\sdkexamples\projects\win\debug\drawinghook.exp
c:\users\rudolf\documents\x-plane sdk\sdkexamples\projects\win\debug\helloworld.exp
c:\users\rudolf\documents\x-plane sdk\sdkexamples\projects\win\debug\camera.pdb
c:\users\rudolf\documents\x-plane sdk\sdkexamples\projects\win\debug\commandsim.pdb
c:\users\rudolf\documents\x-plane sdk\sdkexamples\projects\win\debug\drawinghook.pdb
c:\users\rudolf\documents\x-plane sdk\sdkexamples\projects\win\debug\helloworld.pdb
c:\users\rudolf\documents\x-plane sdk\sdkexamples\projects\win\debug\hotkey.tlog\cl.command.1.tlog
c:\users\rudolf\documents\x-plane sdk\sdkexamples\projects\win\debug\hotkey.tlog\cl.read.1.tlog
c:\users\rudolf\documents\x-plane sdk\sdkexamples\projects\win\debug\hotkey.tlog\cl.write.1.tlog
c:\users\rudolf\documents\x-plane sdk\sdkexamples\projects\win\debug\hotkey.tlog\hotkey.write.1u.tlog
c:\users\rudolf\documents\x-plane sdk\sdkexamples\projects\win\debug\hotkey.tlog\link.command.1.tlog
c:\users\rudolf\documents\x-plane sdk\sdkexamples\projects\win\debug\hotkey.tlog\link.read.1.tlog
c:\users\rudolf\documents\x-plane sdk\sdkexamples\projects\win\debug\hotkey.tlog\link.write.1.tlog
